C:\Program Files (x86)\Microsoft Visual Studio\2017\Community\Common7\IDE\VC\VCTargets\Platforms\x64\PlatformToolsets\v141_xp\Toolset.targets(39,5): warning MSB8051: Support for targeting Windows XP is deprecated and will not be present in future releases of Visual Studio. Please see https://go.microsoft.com/fwlink/?linkid=2023588 for more information.
  WindowsCore.cpp
c:\program files (x86)\microsoft sdks\windows\v7.1a\include\shlobj.h(1151): warning C4091: 'typedef ': ignored on left of 'tagGPFIDL_FLAGS' when no variable is declared
c:\users\bhoyn\documents\github\agktier2\platform\windows\source\windowscore.cpp(954): warning C4838: conversion from 'DWORD' to 'int' requires a narrowing conversion
c:\users\bhoyn\documents\github\agktier2\platform\windows\source\windowscore.cpp(1999): warning C4312: 'type cast': conversion from 'DWORD' to 'void *' of greater size
c:\users\bhoyn\documents\github\agktier2\platform\windows\source\windowscore.cpp(4602): warning C4267: 'initializing': conversion from 'size_t' to 'int', possible loss of data
c:\users\bhoyn\documents\github\agktier2\platform\windows\source\windowscore.cpp(4635): warning C4267: 'initializing': conversion from 'size_t' to 'int', possible loss of data
c:\users\bhoyn\documents\github\agktier2\platform\windows\source\windowscore.cpp(9220): warning C4311: 'type cast': pointer truncation from 'void *' to 'int'
c:\users\bhoyn\documents\github\agktier2\platform\windows\source\windowscore.cpp(9220): warning C4302: 'type cast': truncation from 'void *' to 'int'
  autofit.c
  bdf.c
  cff.c
  ftbase.c
  ftbitmap.c
  ftcache.c
  ftdebug.c
  ftfstype.c
  ftgasp.c
  ftglyph.c
  ftgzip.c
  ftinit.c
  ftlzw.c
  ftstroke.c
  ftsystem.c
  smooth.c
  ftbbox.c
  ftfntfmt.c
  ftgxval.c
  ftlcdfil.c
  ftmm.c
  ftotval.c
  ftpatent.c
  ftpfr.c
  ftsynth.c
  fttype1.c
  ftwinfnt.c
  pcf.c
  pfr.c
  psaux.c
  pshinter.c
  psmodule.c
  raster.c
  sfnt.c
  truetype.c
  type1.c
  type1cid.c
c:\users\bhoyn\documents\github\agktier2\freetype\src\psaux\t1decode.c(1360): warning C4267: '=': conversion from 'size_t' to 'FT_Int', possible loss of data (compiling source file freetype\src\psaux\psaux.c)
  type42.c
  winfnt.c
  analysis.c
c:\users\bhoyn\documents\github\agktier2\freetype\src\type1\t1load.c(1458): warning C4244: '=': conversion from '__int64' to 'FT_Int', possible loss of data (compiling source file freetype\src\type1\type1.c)
c:\users\bhoyn\documents\github\agktier2\freetype\src\type1\t1load.c(1621): warning C4244: '=': conversion from '__int64' to 'FT_Int', possible loss of data (compiling source file freetype\src\type1\type1.c)
c:\users\bhoyn\documents\github\agktier2\freetype\src\truetype\ttgload.c(1690): warning C4312: 'type cast': conversion from 'unsigned long' to 'void *' of greater size (compiling source file freetype\src\truetype\truetype.c)
c:\users\bhoyn\documents\github\agktier2\freetype\src\truetype\ttgload.c(1694): warning C4312: 'type cast': conversion from 'unsigned long' to 'void *' of greater size (compiling source file freetype\src\truetype\truetype.c)
c:\users\bhoyn\documents\github\agktier2\freetype\src\truetype\ttgload.c(1703): warning C4312: 'type cast': conversion from 'unsigned long' to 'void *' of greater size (compiling source file freetype\src\truetype\truetype.c)
c:\users\bhoyn\documents\github\agktier2\freetype\src\truetype\ttgload.c(1709): warning C4312: 'type cast': conversion from 'unsigned long' to 'void *' of greater size (compiling source file freetype\src\truetype\truetype.c)
c:\users\bhoyn\documents\github\agktier2\freetype\src\type1\t1driver.c(264): warning C4267: '=': conversion from 'size_t' to 'FT_ULong', possible loss of data (compiling source file freetype\src\type1\type1.c)
c:\users\bhoyn\documents\github\agktier2\freetype\src\type1\t1driver.c(284): warning C4267: '=': conversion from 'size_t' to 'FT_ULong', possible loss of data (compiling source file freetype\src\type1\type1.c)
c:\users\bhoyn\documents\github\agktier2\freetype\src\type1\t1driver.c(316): warning C4267: '=': conversion from 'size_t' to 'FT_ULong', possible loss of data (compiling source file freetype\src\type1\type1.c)
c:\users\bhoyn\documents\github\agktier2\freetype\src\type1\t1driver.c(346): warning C4267: '=': conversion from 'size_t' to 'FT_UInt', possible loss of data (compiling source file freetype\src\type1\type1.c)
c:\users\bhoyn\documents\github\agktier2\freetype\src\type1\t1driver.c(553): warning C4267: '=': conversion from 'size_t' to 'FT_ULong', possible loss of data (compiling source file freetype\src\type1\type1.c)
c:\users\bhoyn\documents\github\agktier2\freetype\src\type1\t1driver.c(559): warning C4267: '=': conversion from 'size_t' to 'FT_ULong', possible loss of data (compiling source file freetype\src\type1\type1.c)
c:\users\bhoyn\documents\github\agktier2\freetype\src\type1\t1driver.c(565): warning C4267: '=': conversion from 'size_t' to 'FT_ULong', possible loss of data (compiling source file freetype\src\type1\type1.c)
c:\users\bhoyn\documents\github\agktier2\freetype\src\type1\t1driver.c(571): warning C4267: '=': conversion from 'size_t' to 'FT_ULong', possible loss of data (compiling source file freetype\src\type1\type1.c)
c:\users\bhoyn\documents\github\agktier2\freetype\src\type1\t1driver.c(577): warning C4267: '=': conversion from 'size_t' to 'FT_ULong', possible loss of data (compiling source file freetype\src\type1\type1.c)
  bitrate.c
c:\users\bhoyn\documents\github\agktier2\freetype\src\type42\t42parse.c(821): warning C4244: '=': conversion from '__int64' to 'FT_Int', possible loss of data (compiling source file freetype\src\type42\type42.c)
  bitwise.c
  block.c
  codebook.c
  envelope.c
  floor0.c
  floor1.c
c:\users\bhoyn\documents\github\agktier2\libogg\src\bitrate.c(42): warning C4244: '=': conversion from 'double' to 'long', possible loss of data
c:\users\bhoyn\documents\github\agktier2\libogg\src\bitrate.c(43): warning C4244: '=': conversion from 'double' to 'long', possible loss of data
c:\users\bhoyn\documents\github\agktier2\libogg\src\bitrate.c(44): warning C4244: '=': conversion from 'double' to 'long', possible loss of data
c:\users\bhoyn\documents\github\agktier2\libogg\src\bitrate.c(51): warning C4244: 'initializing': conversion from 'double' to 'long', possible loss of data
c:\users\bhoyn\documents\github\agktier2\libogg\src\bitrate.c(135): warning C4244: '=': conversion from 'double' to 'int', possible loss of data
c:\users\bhoyn\documents\github\agktier2\libogg\src\bitrate.c(83): warning C4244: 'initializing': conversion from 'double' to 'int', possible loss of data
c:\users\bhoyn\documents\github\agktier2\libogg\src\bitrate.c(88): warning C4244: 'initializing': conversion from 'double' to 'long', possible loss of data
  framing.c
  info.c
c:\users\bhoyn\documents\github\agktier2\libogg\src\codebook.c(183): warning C4244: '=': conversion from 'long' to 'char', possible loss of data
c:\users\bhoyn\documents\github\agktier2\libogg\src\codebook.c(192): warning C4244: '=': conversion from 'long' to 'char', possible loss of data
c:\users\bhoyn\documents\github\agktier2\libogg\src\codebook.c(214): warning C4244: '=': conversion from 'long' to 'char', possible loss of data
  lookup.c
  lpc.c
c:\users\bhoyn\documents\github\agktier2\libogg\src\envelope.c(48): warning C4244: '=': conversion from 'double' to 'float', possible loss of data
c:\users\bhoyn\documents\github\agktier2\libogg\src\envelope.c(65): warning C4244: '=': conversion from 'double' to 'float', possible loss of data
c:\users\bhoyn\documents\github\agktier2\libogg\src\envelope.c(68): warning C4244: '=': conversion from 'double' to 'float', possible loss of data
c:\users\bhoyn\documents\github\agktier2\libogg\src\envelope.c(145): warning C4244: '=': conversion from 'double' to 'float', possible loss of data
c:\users\bhoyn\documents\github\agktier2\libogg\src\envelope.c(127): warning C4244: 'initializing': conversion from 'double' to 'float', possible loss of data
c:\users\bhoyn\documents\github\agktier2\libogg\src\block.c(864): warning C4244: 'initializing': conversion from 'ogg_int64_t' to 'long', possible loss of data
c:\users\bhoyn\documents\github\agktier2\libogg\src\block.c(902): warning C4244: 'initializing': conversion from 'ogg_int64_t' to 'long', possible loss of data
  lsp.c
c:\users\bhoyn\documents\github\agktier2\libogg\src\info.c(47): warning C4244: '=': conversion from 'long' to 'char', possible loss of data
c:\users\bhoyn\documents\github\agktier2\libogg\src\info.c(60): warning C4267: '=': conversion from 'size_t' to 'int', possible loss of data
c:\users\bhoyn\documents\github\agktier2\libogg\src\info.c(90): warning C4267: 'initializing': conversion from 'size_t' to 'int', possible loss of data
c:\users\bhoyn\documents\github\agktier2\libogg\src\info.c(110): warning C4267: 'initializing': conversion from 'size_t' to 'int', possible loss of data
c:\users\bhoyn\documents\github\agktier2\libogg\src\info.c(467): warning C4267: 'initializing': conversion from 'size_t' to 'int', possible loss of data
c:\users\bhoyn\documents\github\agktier2\libogg\src\floor0.c(126): warning C4244: 'initializing': conversion from 'double' to 'float', possible loss of data
c:\users\bhoyn\documents\github\agktier2\libogg\src\floor0.c(136): warning C4244: 'initializing': conversion from 'double' to 'int', possible loss of data
  mapping0.c
  mdct.c
  psy.c
c:\users\bhoyn\documents\github\agktier2\libogg\src\floor1.c(210): warning C4244: '=': conversion from '__int64' to 'int', possible loss of data
c:\users\bhoyn\documents\github\agktier2\libogg\src\floor1.c(275): warning C4244: 'initializing': conversion from 'const float' to 'int', possible loss of data
c:\users\bhoyn\documents\github\agktier2\libogg\src\floor1.c(499): warning C4244: '=': conversion from 'double' to 'int', possible loss of data
c:\users\bhoyn\documents\github\agktier2\libogg\src\floor1.c(500): warning C4244: '=': conversion from 'double' to 'int', possible loss of data
  registry.c
c:\users\bhoyn\documents\github\agktier2\libogg\src\lpc.c(130): warning C4244: 'return': conversion from 'double' to 'float', possible loss of data
  res0.c
  sharedbook.c
c:\users\bhoyn\documents\github\agktier2\libogg\src\lsp.c(252): warning C4244: '=': conversion from 'double' to 'float', possible loss of data
c:\users\bhoyn\documents\github\agktier2\libogg\src\lsp.c(276): warning C4244: '=': conversion from 'double' to 'float', possible loss of data
c:\users\bhoyn\documents\github\agktier2\libogg\src\lsp.c(259): warning C4244: 'initializing': conversion from 'double' to 'float', possible loss of data
c:\users\bhoyn\documents\github\agktier2\libogg\src\lsp.c(350): warning C4244: '=': conversion from 'double' to 'float', possible loss of data
c:\users\bhoyn\documents\github\agktier2\libogg\src\lsp.c(397): warning C4244: '=': conversion from 'double' to 'float', possible loss of data
c:\users\bhoyn\documents\github\agktier2\libogg\src\lsp.c(449): warning C4244: '=': conversion from 'double' to 'float', possible loss of data
c:\users\bhoyn\documents\github\agktier2\libogg\src\lsp.c(452): warning C4244: '=': conversion from 'double' to 'float', possible loss of data
  smallft.c
  synthesis.c
  vorbisenc.c
c:\users\bhoyn\documents\github\agktier2\libogg\src\res0.c(443): warning C4244: '*=': conversion from 'float' to 'int', possible loss of data
c:\users\bhoyn\documents\github\agktier2\libogg\src\res0.c(423): warning C4244: 'initializing': conversion from 'double' to 'float', possible loss of data
c:\users\bhoyn\documents\github\agktier2\libogg\src\mdct.c(58): warning C4244: '=': conversion from 'double' to 'int', possible loss of data
c:\users\bhoyn\documents\github\agktier2\libogg\src\mdct.c(66): warning C4244: '=': conversion from 'double' to 'float', possible loss of data
c:\users\bhoyn\documents\github\agktier2\libogg\src\mdct.c(67): warning C4244: '=': conversion from 'double' to 'float', possible loss of data
c:\users\bhoyn\documents\github\agktier2\libogg\src\mdct.c(68): warning C4244: '=': conversion from 'double' to 'float', possible loss of data
c:\users\bhoyn\documents\github\agktier2\libogg\src\mdct.c(69): warning C4244: '=': conversion from 'double' to 'float', possible loss of data
c:\users\bhoyn\documents\github\agktier2\libogg\src\mdct.c(72): warning C4244: '=': conversion from 'double' to 'float', possible loss of data
c:\users\bhoyn\documents\github\agktier2\libogg\src\mdct.c(73): warning C4244: '=': conversion from 'double' to 'float', possible loss of data
c:\users\bhoyn\documents\github\agktier2\libogg\src\mapping0.c(266): warning C4244: '=': conversion from 'double' to 'float', possible loss of data
c:\users\bhoyn\documents\github\agktier2\libogg\src\mapping0.c(312): warning C4244: '=': conversion from 'double' to 'float', possible loss of data
c:\users\bhoyn\documents\github\agktier2\libogg\src\mapping0.c(329): warning C4244: '=': conversion from 'double' to 'float', possible loss of data
c:\users\bhoyn\documents\github\agktier2\libogg\src\mapping0.c(387): warning C4244: '=': conversion from 'double' to 'float', possible loss of data
c:\users\bhoyn\documents\github\agktier2\libogg\src\psy.c(137): warning C4244: 'function': conversion from 'double' to 'float', possible loss of data
c:\users\bhoyn\documents\github\agktier2\libogg\src\psy.c(139): warning C4244: 'function': conversion from 'double' to 'float', possible loss of data
c:\users\bhoyn\documents\github\agktier2\libogg\src\smallft.c(99): warning C4244: '=': conversion from 'double' to 'float', possible loss of data
c:\users\bhoyn\documents\github\agktier2\libogg\src\psy.c(173): warning C4244: '=': conversion from 'double' to 'int', possible loss of data
c:\users\bhoyn\documents\github\agktier2\libogg\src\smallft.c(100): warning C4244: '=': conversion from 'double' to 'float', possible loss of data
c:\users\bhoyn\documents\github\agktier2\libogg\src\psy.c(174): warning C4244: '=': conversion from 'double' to 'int', possible loss of data
c:\users\bhoyn\documents\github\agktier2\libogg\src\psy.c(175): warning C4244: '=': conversion from 'double' to 'int', possible loss of data
c:\users\bhoyn\documents\github\agktier2\libogg\src\psy.c(254): warning C4244: '=': conversion from 'int' to 'float', possible loss of data
c:\users\bhoyn\documents\github\agktier2\libogg\src\psy.c(259): warning C4244: '=': conversion from 'int' to 'float', possible loss of data
c:\users\bhoyn\documents\github\agktier2\libogg\src\smallft.c(283): warning C4244: '=': conversion from 'double' to 'float', possible loss of data
c:\users\bhoyn\documents\github\agktier2\libogg\src\psy.c(192): warning C4244: 'initializing': conversion from 'double' to 'int', possible loss of data
c:\users\bhoyn\documents\github\agktier2\libogg\src\smallft.c(284): warning C4244: '=': conversion from 'double' to 'float', possible loss of data
c:\users\bhoyn\documents\github\agktier2\libogg\src\sharedbook.c(53): warning C4244: '=': conversion from 'double' to 'long', possible loss of data
c:\users\bhoyn\documents\github\agktier2\libogg\src\psy.c(193): warning C4244: 'initializing': conversion from 'double' to 'int', possible loss of data
  vorbisfile.c
c:\users\bhoyn\documents\github\agktier2\libogg\src\sharedbook.c(54): warning C4244: '=': conversion from 'double' to 'long', possible loss of data
c:\users\bhoyn\documents\github\agktier2\libogg\src\psy.c(217): warning C4244: 'initializing': conversion from 'double' to 'int', possible loss of data
c:\users\bhoyn\documents\github\agktier2\libogg\src\sharedbook.c(65): warning C4244: 'return': conversion from 'double' to 'float', possible loss of data
c:\users\bhoyn\documents\github\agktier2\libogg\src\psy.c(218): warning C4244: 'initializing': conversion from 'double' to 'int', possible loss of data
c:\users\bhoyn\documents\github\agktier2\libogg\src\sharedbook.c(161): warning C4244: 'initializing': conversion from 'double' to 'long', possible loss of data
c:\users\bhoyn\documents\github\agktier2\libogg\src\psy.c(239): warning C4244: 'initializing': conversion from 'double' to 'int', possible loss of data
c:\users\bhoyn\documents\github\agktier2\libogg\src\smallft.c(853): warning C4244: '=': conversion from 'double' to 'float', possible loss of data
c:\users\bhoyn\documents\github\agktier2\libogg\src\sharedbook.c(220): warning C4244: '=': conversion from 'double' to 'float', possible loss of data
c:\users\bhoyn\documents\github\agktier2\libogg\src\psy.c(274): warning C4244: '=': conversion from 'double' to 'long', possible loss of data
c:\users\bhoyn\documents\github\agktier2\libogg\src\smallft.c(854): warning C4244: '=': conversion from 'double' to 'float', possible loss of data
c:\users\bhoyn\documents\github\agktier2\libogg\src\sharedbook.c(240): warning C4244: '=': conversion from 'double' to 'float', possible loss of data
c:\users\bhoyn\documents\github\agktier2\libogg\src\psy.c(276): warning C4244: '=': conversion from 'double' to 'long', possible loss of data
c:\users\bhoyn\documents\github\agktier2\libogg\src\sharedbook.c(219): warning C4244: 'initializing': conversion from 'long' to 'float', possible loss of data
c:\users\bhoyn\documents\github\agktier2\libogg\src\psy.c(277): warning C4244: '=': conversion from 'double' to 'long', possible loss of data
c:\users\bhoyn\documents\github\agktier2\libogg\src\sharedbook.c(239): warning C4244: 'initializing': conversion from 'long' to 'float', possible loss of data
c:\users\bhoyn\documents\github\agktier2\libogg\src\psy.c(290): warning C4305: '=': truncation from 'double' to 'float'
c:\users\bhoyn\documents\github\agktier2\libogg\src\psy.c(291): warning C4305: '=': truncation from 'double' to 'float'
c:\users\bhoyn\documents\github\agktier2\libogg\src\psy.c(301): warning C4244: '=': conversion from 'double' to 'float', possible loss of data
c:\users\bhoyn\documents\github\agktier2\libogg\src\psy.c(325): warning C4244: '=': conversion from 'double' to 'long', possible loss of data
c:\users\bhoyn\documents\github\agktier2\libogg\src\psy.c(327): warning C4244: 'function': conversion from 'double' to 'float', possible loss of data
c:\users\bhoyn\documents\github\agktier2\libogg\src\sharedbook.c(353): warning C4244: 'initializing': conversion from '__int64' to 'int', possible loss of data
c:\users\bhoyn\documents\github\agktier2\libogg\src\psy.c(348): warning C4244: '=': conversion from 'double' to 'float', possible loss of data
c:\users\bhoyn\documents\github\agktier2\libogg\src\psy.c(296): warning C4244: 'initializing': conversion from 'double' to 'int', possible loss of data
c:\users\bhoyn\documents\github\agktier2\libogg\src\psy.c(312): warning C4244: 'initializing': conversion from 'double' to 'float', possible loss of data
c:\users\bhoyn\documents\github\agktier2\libogg\src\psy.c(336): warning C4244: 'initializing': conversion from 'double' to 'float', possible loss of data
c:\users\bhoyn\documents\github\agktier2\libogg\src\psy.c(402): warning C4244: '=': conversion from 'const float' to 'int', possible loss of data
c:\users\bhoyn\documents\github\agktier2\libogg\src\psy.c(404): warning C4244: '=': conversion from 'const float' to 'int', possible loss of data
  window.c
  jaricom.c
  jcapimin.c
c:\users\bhoyn\documents\github\agktier2\libogg\src\psy.c(571): warning C4244: '=': conversion from 'double' to 'float', possible loss of data
  jcapistd.c
c:\users\bhoyn\documents\github\agktier2\libogg\src\psy.c(739): warning C4244: 'initializing': conversion from 'double' to 'int', possible loss of data
c:\users\bhoyn\documents\github\agktier2\libogg\src\psy.c(801): warning C4305: '=': truncation from 'double' to 'float'
c:\users\bhoyn\documents\github\agktier2\libogg\src\psy.c(807): warning C4244: '=': conversion from 'double' to 'float', possible loss of data
c:\users\bhoyn\documents\github\agktier2\libogg\src\psy.c(814): warning C4305: '=': truncation from 'double' to 'float'
c:\users\bhoyn\documents\github\agktier2\libogg\src\psy.c(818): warning C4244: '=': conversion from 'double' to 'float', possible loss of data
c:\users\bhoyn\documents\github\agktier2\libogg\src\psy.c(922): warning C4244: 'initializing': conversion from 'double' to 'float', possible loss of data
c:\users\bhoyn\documents\github\agktier2\libogg\src\psy.c(953): warning C4244: '=': conversion from 'double' to 'int', possible loss of data
c:\users\bhoyn\documents\github\agktier2\libogg\src\psy.c(955): warning C4244: '=': conversion from 'double' to 'int', possible loss of data
c:\users\bhoyn\documents\github\agktier2\libogg\src\psy.c(976): warning C4244: '=': conversion from 'double' to 'int', possible loss of data
  jcarith.c
c:\users\bhoyn\documents\github\agktier2\libogg\src\psy.c(978): warning C4244: '=': conversion from 'double' to 'int', possible loss of data
c:\users\bhoyn\documents\github\agktier2\libogg\src\psy.c(992): warning C4244: '=': conversion from 'float' to 'int', possible loss of data
c:\users\bhoyn\documents\github\agktier2\libogg\src\psy.c(990): warning C4244: 'initializing': conversion from '__int64' to 'int', possible loss of data
c:\users\bhoyn\documents\github\agktier2\libogg\src\psy.c(1050): warning C4244: '=': conversion from 'const double' to 'float', possible loss of data
c:\users\bhoyn\documents\github\agktier2\libogg\src\psy.c(1128): warning C4244: '=': conversion from 'double' to 'float', possible loss of data
c:\users\bhoyn\documents\github\agktier2\libogg\src\psy.c(1157): warning C4244: '=': conversion from 'double' to 'float', possible loss of data
c:\users\bhoyn\documents\github\agktier2\libogg\src\psy.c(1176): warning C4244: '=': conversion from 'double' to 'float', possible loss of data
c:\users\bhoyn\documents\github\agktier2\libogg\src\psy.c(1178): warning C4244: '=': conversion from 'double' to 'float', possible loss of data
c:\users\bhoyn\documents\github\agktier2\libogg\src\psy.c(1021): warning C4244: 'initializing': conversion from 'const double' to 'float', possible loss of data
c:\users\bhoyn\documents\github\agktier2\libogg\src\psy.c(1022): warning C4244: 'initializing': conversion from 'const double' to 'float', possible loss of data
  jccoefct.c
c:\users\bhoyn\documents\github\agktier2\libogg\src\vorbisfile.c(72): warning C4267: 'initializing': conversion from 'size_t' to 'long', possible loss of data
c:\users\bhoyn\documents\github\agktier2\libogg\src\vorbisfile.c(259): warning C4244: 'function': conversion from 'ogg_int64_t' to 'long', possible loss of data
c:\users\bhoyn\documents\github\agktier2\libogg\src\vorbisfile.c(273): warning C4244: '=': conversion from 'ogg_int64_t' to 'int', possible loss of data
c:\users\bhoyn\documents\github\agktier2\libogg\src\vorbisfile.c(545): warning C4244: 'return': conversion from 'ogg_int64_t' to 'int', possible loss of data
c:\users\bhoyn\documents\github\agktier2\libogg\src\vorbisfile.c(566): warning C4244: 'return': conversion from 'ogg_int64_t' to 'int', possible loss of data
c:\users\bhoyn\documents\github\agktier2\libogg\src\vorbisfile.c(569): warning C4244: 'return': conversion from 'ogg_int64_t' to 'int', possible loss of data
c:\users\bhoyn\documents\github\agktier2\libogg\src\vorbisfile.c(579): warning C4244: 'return': conversion from 'ogg_int64_t' to 'int', possible loss of data
c:\users\bhoyn\documents\github\agktier2\libogg\src\vorbisfile.c(641): warning C4244: 'return': conversion from 'ogg_int64_t' to 'int', possible loss of data
c:\users\bhoyn\documents\github\agktier2\libogg\src\vorbisfile.c(874): warning C4244: 'function': conversion from 'ogg_int64_t' to 'long', possible loss of data
c:\users\bhoyn\documents\github\agktier2\libogg\src\vorbisfile.c(1118): warning C4244: '=': conversion from 'double' to 'float', possible loss of data
c:\users\bhoyn\documents\github\agktier2\libogg\src\vorbisfile.c(1119): warning C4244: 'return': conversion from 'double' to 'long', possible loss of data
c:\users\bhoyn\documents\github\agktier2\libogg\src\vorbisfile.c(1123): warning C4244: 'return': conversion from 'double' to 'long', possible loss of data
c:\users\bhoyn\documents\github\agktier2\libogg\src\vorbisfile.c(1151): warning C4244: '=': conversion from 'double' to 'long', possible loss of data
c:\users\bhoyn\documents\github\agktier2\libogg\src\vorbisfile.c(1764): warning C4244: '=': conversion from 'ogg_int64_t' to 'long', possible loss of data
c:\users\bhoyn\documents\github\agktier2\libogg\src\vorbisfile.c(1801): warning C4244: 'initializing': conversion from 'double' to 'ogg_int64_t', possible loss of data
  jccolor.c
c:\users\bhoyn\documents\github\agktier2\libogg\src\vorbisfile.c(1831): warning C4244: 'initializing': conversion from 'double' to 'ogg_int64_t', possible loss of data
  jcdctmgr.c
c:\users\bhoyn\documents\github\agktier2\libogg\src\vorbisfile.c(2167): warning C4244: 'initializing': conversion from 'double' to 'float', possible loss of data
  jchuff.c
  jcinit.c
  jcmainct.c
  jcmarker.c
  jcmaster.c
  jcomapi.c
  jcparam.c
  jcprepct.c
  jcsample.c
  jdapimin.c
  jdapistd.c
  jdarith.c
  jdatadst.c
  jdatasrc.c
c:\users\bhoyn\documents\github\agktier2\libogg\include\modes\psych_44.h(27): warning C4244: 'initializing': conversion from 'double' to 'int', possible loss of data (compiling source file libogg\src\vorbisenc.c)
c:\users\bhoyn\documents\github\agktier2\libogg\include\modes\psych_44.h(33): warning C4244: 'initializing': conversion from 'double' to 'int', possible loss of data (compiling source file libogg\src\vorbisenc.c)
c:\users\bhoyn\documents\github\agktier2\libogg\include\modes\psych_44.h(39): warning C4244: 'initializing': conversion from 'double' to 'int', possible loss of data (compiling source file libogg\src\vorbisenc.c)
c:\users\bhoyn\documents\github\agktier2\libogg\include\modes\psych_44.h(45): warning C4244: 'initializing': conversion from 'double' to 'int', possible loss of data (compiling source file libogg\src\vorbisenc.c)
c:\users\bhoyn\documents\github\agktier2\libogg\include\modes\psych_44.h(51): warning C4244: 'initializing': conversion from 'double' to 'int', possible loss of data (compiling source file libogg\src\vorbisenc.c)
  jdcoefct.c
  jdcolor.c
  jddctmgr.c
  jdhuff.c
c:\users\bhoyn\documents\github\agktier2\libjpeg\jdatadst.c(185): warning C4267: '=': conversion from 'size_t' to 'unsigned long', possible loss of data
  jdinput.c
  jdmainct.c
  jdmarker.c
  jdmaster.c
  jdmerge.c
  jdpostct.c
  jdsample.c
  jerror.c
  jfdctflt.c
  jfdctfst.c
  jfdctint.c
  jidctflt.c
  jidctfst.c
  jidctint.c
  jmemansi.c
  jmemmgr.c
  jquant1.c
  jquant2.c
  jutils.c
c:\users\bhoyn\documents\github\agktier2\libjpeg\jmemmgr.c(306): warning C4267: '+=': conversion from 'size_t' to 'long', possible loss of data
c:\users\bhoyn\documents\github\agktier2\libogg\src\vorbisenc.c(248): warning C4244: '=': conversion from 'double' to 'float', possible loss of data
c:\users\bhoyn\documents\github\agktier2\libjpeg\jmemmgr.c(366): warning C4267: '+=': conversion from 'size_t' to 'long', possible loss of data
c:\users\bhoyn\documents\github\agktier2\libogg\src\vorbisenc.c(249): warning C4244: '=': conversion from 'double' to 'float', possible loss of data
c:\users\bhoyn\documents\github\agktier2\libogg\src\vorbisenc.c(251): warning C4244: '=': conversion from 'double' to 'float', possible loss of data
c:\users\bhoyn\documents\github\agktier2\libogg\src\vorbisenc.c(231): warning C4244: 'initializing': conversion from 'double' to 'int', possible loss of data
c:\users\bhoyn\documents\github\agktier2\libogg\src\vorbisenc.c(272): warning C4244: '=': conversion from 'double' to 'int', possible loss of data
c:\users\bhoyn\documents\github\agktier2\libogg\src\vorbisenc.c(273): warning C4244: '=': conversion from 'double' to 'int', possible loss of data
c:\users\bhoyn\documents\github\agktier2\libogg\src\vorbisenc.c(274): warning C4244: '=': conversion from 'float' to 'int', possible loss of data
c:\users\bhoyn\documents\github\agktier2\libogg\src\vorbisenc.c(276): warning C4244: '=': conversion from 'double' to 'float', possible loss of data
c:\users\bhoyn\documents\github\agktier2\libogg\src\vorbisenc.c(277): warning C4244: '=': conversion from 'double' to 'int', possible loss of data
c:\users\bhoyn\documents\github\agktier2\libogg\src\vorbisenc.c(278): warning C4244: '=': conversion from 'double' to 'int', possible loss of data
c:\users\bhoyn\documents\github\agktier2\libogg\src\vorbisenc.c(284): warning C4244: '=': conversion from 'double' to 'int', possible loss of data
c:\users\bhoyn\documents\github\agktier2\libogg\src\vorbisenc.c(285): warning C4244: '=': conversion from 'double' to 'int', possible loss of data
c:\users\bhoyn\documents\github\agktier2\libogg\src\vorbisenc.c(286): warning C4244: '=': conversion from 'float' to 'int', possible loss of data
c:\users\bhoyn\documents\github\agktier2\libogg\src\vorbisenc.c(289): warning C4244: '=': conversion from 'double' to 'float', possible loss of data
c:\users\bhoyn\documents\github\agktier2\libjpeg\jmemmgr.c(976): warning C4267: '-=': conversion from 'size_t' to 'long', possible loss of data
c:\users\bhoyn\documents\github\agktier2\libogg\src\vorbisenc.c(291): warning C4244: '=': conversion from 'double' to 'int', possible loss of data
c:\users\bhoyn\documents\github\agktier2\libjpeg\jmemmgr.c(990): warning C4267: '-=': conversion from 'size_t' to 'long', possible loss of data
c:\users\bhoyn\documents\github\agktier2\libogg\src\vorbisenc.c(292): warning C4244: '=': conversion from 'double' to 'int', possible loss of data
c:\users\bhoyn\documents\github\agktier2\libogg\src\vorbisenc.c(258): warning C4244: 'initializing': conversion from 'const double' to 'float', possible loss of data
c:\users\bhoyn\documents\github\agktier2\libogg\src\vorbisenc.c(259): warning C4244: 'initializing': conversion from 'float' to 'int', possible loss of data
c:\users\bhoyn\documents\github\agktier2\libogg\src\vorbisenc.c(271): warning C4244: 'initializing': conversion from 'double' to 'float', possible loss of data
c:\users\bhoyn\documents\github\agktier2\libogg\src\vorbisenc.c(282): warning C4244: 'initializing': conversion from 'double' to 'float', possible loss of data
c:\users\bhoyn\documents\github\agktier2\libogg\src\vorbisenc.c(312): warning C4244: 'initializing': conversion from 'double' to 'int', possible loss of data
c:\users\bhoyn\documents\github\agktier2\libogg\src\vorbisenc.c(345): warning C4244: '=': conversion from 'double' to 'float', possible loss of data
c:\users\bhoyn\documents\github\agktier2\libogg\src\vorbisenc.c(346): warning C4244: '=': conversion from 'double' to 'float', possible loss of data
c:\users\bhoyn\documents\github\agktier2\libogg\src\vorbisenc.c(347): warning C4244: '=': conversion from 'double' to 'float', possible loss of data
c:\users\bhoyn\documents\github\agktier2\libogg\src\vorbisenc.c(348): warning C4244: '=': conversion from 'double' to 'float', possible loss of data
c:\users\bhoyn\documents\github\agktier2\libogg\src\vorbisenc.c(349): warning C4244: '=': conversion from 'double' to 'float', possible loss of data
  png.c
c:\users\bhoyn\documents\github\agktier2\libogg\src\vorbisenc.c(351): warning C4244: '=': conversion from 'double' to 'float', possible loss of data
c:\users\bhoyn\documents\github\agktier2\libogg\src\vorbisenc.c(354): warning C4244: '=': conversion from 'double' to 'float', possible loss of data
c:\users\bhoyn\documents\github\agktier2\libogg\src\vorbisenc.c(338): warning C4244: 'initializing': conversion from 'double' to 'int', possible loss of data
c:\users\bhoyn\documents\github\agktier2\libogg\src\vorbisenc.c(377): warning C4244: '=': conversion from 'double' to 'float', possible loss of data
c:\users\bhoyn\documents\github\agktier2\libogg\src\vorbisenc.c(362): warning C4244: 'initializing': conversion from 'double' to 'int', possible loss of data
c:\users\bhoyn\documents\github\agktier2\libogg\src\vorbisenc.c(388): warning C4244: '=': conversion from 'double' to 'float', possible loss of data
c:\users\bhoyn\documents\github\agktier2\libogg\src\vorbisenc.c(383): warning C4244: 'initializing': conversion from 'double' to 'int', possible loss of data
c:\users\bhoyn\documents\github\agktier2\libogg\src\vorbisenc.c(403): warning C4244: '=': conversion from 'double' to 'float', possible loss of data
c:\users\bhoyn\documents\github\agktier2\libogg\src\vorbisenc.c(410): warning C4244: '=': conversion from 'double' to 'float', possible loss of data
c:\users\bhoyn\documents\github\agktier2\libogg\src\vorbisenc.c(417): warning C4244: '+=': conversion from 'double' to 'float', possible loss of data
c:\users\bhoyn\documents\github\agktier2\libogg\src\vorbisenc.c(398): warning C4244: 'initializing': conversion from 'double' to 'int', possible loss of data
c:\users\bhoyn\documents\github\agktier2\libogg\src\vorbisenc.c(429): warning C4244: '=': conversion from 'double' to 'float', possible loss of data
c:\users\bhoyn\documents\github\agktier2\libogg\src\vorbisenc.c(430): warning C4244: '=': conversion from 'double' to 'float', possible loss of data
  pngerror.c
c:\users\bhoyn\documents\github\agktier2\libogg\src\vorbisenc.c(447): warning C4244: 'initializing': conversion from 'double' to 'int', possible loss of data
c:\users\bhoyn\documents\github\agktier2\libogg\src\vorbisenc.c(529): warning C4244: '=': conversion from 'double' to 'int', possible loss of data
c:\users\bhoyn\documents\github\agktier2\libogg\src\vorbisenc.c(593): warning C4244: 'initializing': conversion from 'double' to 'int', possible loss of data
c:\users\bhoyn\documents\github\agktier2\libogg\src\vorbisenc.c(622): warning C4244: 'initializing': conversion from 'double' to 'int', possible loss of data
c:\users\bhoyn\documents\github\agktier2\libogg\src\vorbisenc.c(659): warning C4244: 'initializing': conversion from 'const double' to 'float', possible loss of data
c:\users\bhoyn\documents\github\agktier2\libogg\src\vorbisenc.c(660): warning C4244: 'initializing': conversion from 'const double' to 'float', possible loss of data
c:\users\bhoyn\documents\github\agktier2\libogg\src\vorbisenc.c(661): warning C4244: 'initializing': conversion from 'double' to 'float', possible loss of data
c:\users\bhoyn\documents\github\agktier2\libogg\src\vorbisenc.c(717): warning C4244: 'function': conversion from 'double' to 'int', possible loss of data
c:\users\bhoyn\documents\github\agktier2\libogg\src\vorbisenc.c(834): warning C4244: '=': conversion from 'double' to 'long', possible loss of data
c:\users\bhoyn\documents\github\agktier2\libogg\src\vorbisenc.c(840): warning C4244: '=': conversion from 'double' to 'long', possible loss of data
c:\users\bhoyn\documents\github\agktier2\libogg\src\vorbisenc.c(842): warning C4244: '=': conversion from 'double' to 'long', possible loss of data
c:\users\bhoyn\documents\github\agktier2\libogg\src\vorbisenc.c(877): warning C4244: '=': conversion from 'double' to 'int', possible loss of data
c:\users\bhoyn\documents\github\agktier2\libogg\src\vorbisenc.c(913): warning C4305: '+=': truncation from 'double' to 'float'
c:\users\bhoyn\documents\github\agktier2\libogg\src\vorbisenc.c(914): warning C4305: '=': truncation from 'double' to 'float'
c:\users\bhoyn\documents\github\agktier2\libogg\src\vorbisenc.c(967): warning C4244: '=': conversion from 'double' to 'long', possible loss of data
c:\users\bhoyn\documents\github\agktier2\libogg\src\vorbisenc.c(969): warning C4244: '=': conversion from 'double' to 'long', possible loss of data
c:\users\bhoyn\documents\github\agktier2\libogg\src\vorbisenc.c(979): warning C4244: '=': conversion from 'long' to 'float', possible loss of data
c:\users\bhoyn\documents\github\agktier2\libogg\src\vorbisenc.c(990): warning C4244: '=': conversion from 'double' to 'long', possible loss of data
c:\users\bhoyn\documents\github\agktier2\libogg\src\vorbisenc.c(1074): warning C4244: '=': conversion from 'double' to 'long', possible loss of data
c:\users\bhoyn\documents\github\agktier2\libogg\src\vorbisenc.c(1090): warning C4244: '=': conversion from 'double' to 'long', possible loss of data
  pngget.c
c:\users\bhoyn\documents\github\agktier2\libogg\src\vorbisenc.c(1093): warning C4244: '=': conversion from 'double' to 'long', possible loss of data
  pngmem.c
  pngpread.c
  pngread.c
  pngrio.c
  pngrtran.c
  pngrutil.c
  pngset.c
  pngtrans.c
  pngwio.c
  pngwrite.c
  pngwtran.c
  pngwutil.c
  ConvertUTF.c
  dev2gif.c
  dgif_lib.c
c:\users\bhoyn\documents\github\agktier2\giflib\dgif_lib.c(71): warning C4996: 'open': The POSIX name for this item is deprecated. Instead, use the ISO C and C++ conformant name: _open. See online help for details.
  c:\program files (x86)\windows kits\10\include\10.0.10240.0\ucrt\corecrt_io.h(514): note: see declaration of 'open'
c:\users\bhoyn\documents\github\agktier2\giflib\dgif_lib.c(100): warning C4996: 'close': The POSIX name for this item is deprecated. Instead, use the ISO C and C++ conformant name: _close. See online help for details.
  c:\program files (x86)\windows kits\10\include\10.0.10240.0\ucrt\corecrt_io.h(457): note: see declaration of 'close'
c:\users\bhoyn\documents\github\agktier2\giflib\dgif_lib.c(109): warning C4996: 'close': The POSIX name for this item is deprecated. Instead, use the ISO C and C++ conformant name: _close. See online help for details.
  c:\program files (x86)\windows kits\10\include\10.0.10240.0\ucrt\corecrt_io.h(457): note: see declaration of 'close'
c:\users\bhoyn\documents\github\agktier2\giflib\dgif_lib.c(114): warning C4996: 'setmode': The POSIX name for this item is deprecated. Instead, use the ISO C and C++ conformant name: _setmode. See online help for details.
  c:\program files (x86)\windows kits\10\include\10.0.10240.0\ucrt\corecrt_io.h(528): note: see declaration of 'setmode'
c:\users\bhoyn\documents\github\agktier2\giflib\dgif_lib.c(117): warning C4996: 'fdopen': The POSIX name for this item is deprecated. Instead, use the ISO C and C++ conformant name: _fdopen. See online help for details.
  c:\program files (x86)\windows kits\10\include\10.0.10240.0\ucrt\stdio.h(2448): note: see declaration of 'fdopen'
  egif_lib.c
  getarg.c
c:\users\bhoyn\documents\github\agktier2\giflib\egif_lib.c(100): warning C4996: 'open': The POSIX name for this item is deprecated. Instead, use the ISO C and C++ conformant name: _open. See online help for details.
  c:\program files (x86)\windows kits\10\include\10.0.10240.0\ucrt\corecrt_io.h(514): note: see declaration of 'open'
c:\users\bhoyn\documents\github\agktier2\giflib\egif_lib.c(106): warning C4996: 'open': The POSIX name for this item is deprecated. Instead, use the ISO C and C++ conformant name: _open. See online help for details.
  c:\program files (x86)\windows kits\10\include\10.0.10240.0\ucrt\corecrt_io.h(514): note: see declaration of 'open'
c:\users\bhoyn\documents\github\agktier2\giflib\egif_lib.c(118): warning C4996: 'close': The POSIX name for this item is deprecated. Instead, use the ISO C and C++ conformant name: _close. See online help for details.
  c:\program files (x86)\windows kits\10\include\10.0.10240.0\ucrt\corecrt_io.h(457): note: see declaration of 'close'
c:\users\bhoyn\documents\github\agktier2\giflib\egif_lib.c(157): warning C4996: 'setmode': The POSIX name for this item is deprecated. Instead, use the ISO C and C++ conformant name: _setmode. See online help for details.
  c:\program files (x86)\windows kits\10\include\10.0.10240.0\ucrt\corecrt_io.h(528): note: see declaration of 'setmode'
c:\users\bhoyn\documents\github\agktier2\giflib\egif_lib.c(160): warning C4996: 'fdopen': The POSIX name for this item is deprecated. Instead, use the ISO C and C++ conformant name: _fdopen. See online help for details.
  c:\program files (x86)\windows kits\10\include\10.0.10240.0\ucrt\stdio.h(2448): note: see declaration of 'fdopen'
  gifalloc.c
  gif_err.c
  gif_font.c
  gif_hash.c
  qprintf.c
  quantize.c
  adler32.c
  compress.c
  crc32.c
c:\users\bhoyn\documents\github\agktier2\giflib\gif_hash.c(72): warning C4013: 'malloc' undefined; assuming extern returning int
c:\users\bhoyn\documents\github\agktier2\giflib\gif_hash.c(72): warning C4312: 'type cast': conversion from 'int' to 'GifHashTableType *' of greater size
  deflate.c
  gzclose.c
  gzlib.c
  gzread.c
  gzwrite.c
c:\users\bhoyn\documents\github\agktier2\giflib\quantize.c(153): warning C4018: '<': signed/unsigned mismatch
c:\users\bhoyn\documents\github\agktier2\giflib\quantize.c(162): warning C4018: '<': signed/unsigned mismatch
c:\users\bhoyn\documents\github\agktier2\giflib\quantize.c(173): warning C4244: '=': conversion from 'long' to 'GifByteType', possible loss of data
c:\users\bhoyn\documents\github\agktier2\giflib\quantize.c(174): warning C4244: '=': conversion from 'long' to 'GifByteType', possible loss of data
c:\users\bhoyn\documents\github\agktier2\giflib\quantize.c(175): warning C4244: '=': conversion from 'long' to 'GifByteType', possible loss of data
  infback.c
  inffast.c
  inflate.c
c:\users\bhoyn\documents\github\agktier2\zlib\gzlib.c(180): warning C4996: 'open': The POSIX name for this item is deprecated. Instead, use the ISO C and C++ conformant name: _open. See online help for details.
  c:\program files (x86)\windows kits\10\include\10.0.10240.0\ucrt\corecrt_io.h(514): note: see declaration of 'open'
  inftrees.c
  ioapi.c
c:\users\bhoyn\documents\github\agktier2\zlib\gzread.c(30): warning C4996: 'read': The POSIX name for this item is deprecated. Instead, use the ISO C and C++ conformant name: _read. See online help for details.
  c:\program files (x86)\windows kits\10\include\10.0.10240.0\ucrt\corecrt_io.h(521): note: see declaration of 'read'
  iowin32.c
c:\users\bhoyn\documents\github\agktier2\zlib\gzread.c(581): warning C4996: 'close': The POSIX name for this item is deprecated. Instead, use the ISO C and C++ conformant name: _close. See online help for details.
  c:\program files (x86)\windows kits\10\include\10.0.10240.0\ucrt\corecrt_io.h(457): note: see declaration of 'close'
c:\users\bhoyn\documents\github\agktier2\zlib\gzwrite.c(84): warning C4996: 'write': The POSIX name for this item is deprecated. Instead, use the ISO C and C++ conformant name: _write. See online help for details.
  c:\program files (x86)\windows kits\10\include\10.0.10240.0\ucrt\corecrt_io.h(556): note: see declaration of 'write'
c:\users\bhoyn\documents\github\agktier2\zlib\gzwrite.c(101): warning C4996: 'write': The POSIX name for this item is deprecated. Instead, use the ISO C and C++ conformant name: _write. See online help for details.
  c:\program files (x86)\windows kits\10\include\10.0.10240.0\ucrt\corecrt_io.h(556): note: see declaration of 'write'
c:\users\bhoyn\documents\github\agktier2\zlib\gzwrite.c(558): warning C4996: 'close': The POSIX name for this item is deprecated. Instead, use the ISO C and C++ conformant name: _close. See online help for details.
  c:\program files (x86)\windows kits\10\include\10.0.10240.0\ucrt\corecrt_io.h(457): note: see declaration of 'close'
  trees.c
  uncompr.c
  unzip.c
  zip.c
  zutil.c
LINK : fatal error LNK1181: cannot open input file 'dxguid.lib'
